#
# There is insufficient memory for the Java Runtime Environment to continue.
# Native memory allocation (mmap) failed to map 257949696 bytes for G1 virtual space
# Possible reasons:
#   The system is out of physical RAM or swap space
#   The process is running with CompressedOops enabled, and the Java Heap may be blocking the growth of the native heap
# Possible solutions:
#   Reduce memory load on the system
#   Increase physical memory or swap space
#   Check if swap backing store is full
#   Decrease Java heap size (-Xmx/-Xms)
#   Decrease number of Java threads
#   Decrease Java thread stack sizes (-Xss)
#   Set larger code cache with -XX:ReservedCodeCacheSize=
#   JVM is running with Zero Based Compressed Oops mode in which the Java heap is
#     placed in the first 32GB address space. The Java Heap base address is the
#     maximum limit for the native heap growth. Please use -XX:HeapBaseMinAddress
#     to set the Java Heap base and to place the Java Heap above 32GB virtual address.
# This output file may be truncated or incomplete.
#
#  Out of Memory Error (os_windows.cpp:3760), pid=4288, tid=8048
#
# JRE version:  (17.0.5+7) (build )
# Java VM: OpenJDK 64-Bit Server VM (17.0.5+7-b469.71, mixed mode, sharing, tiered, compressed oops, compressed class ptrs, g1 gc, windows-amd64)
# No core dump will be written. Minidumps are not enabled by default on client versions of Windows
#

---------------  S U M M A R Y ------------

Command Line: externalApp.nativessh.NativeSshAskPassApp Enter passphrase for key '/home/flugel/.ssh/id_rsa': 

Host: AMD Ryzen 5 5600H with Radeon Graphics         , 12 cores, 15G,  Windows 11 , 64 bit Build 22621 (10.0.22621.2215)
Time: Thu Oct  5 15:12:19 2023  Windows 11 , 64 bit Build 22621 (10.0.22621.2215) elapsed time: 0.018782 seconds (0d 0h 0m 0s)

---------------  T H R E A D  ---------------

Current thread (0x000002314cca79c0):  JavaThread "Unknown thread" [_thread_in_vm, id=8048, stack(0x000000a91ce00000,0x000000a91cf00000)]

Stack: [0x000000a91ce00000,0x000000a91cf00000]
Native frames: (J=compiled Java code, j=interpreted, Vv=VM code, C=native code)
V  [jvm.dll+0x6830ca]
V  [jvm.dll+0x83f4c4]
V  [jvm.dll+0x840c6e]
V  [jvm.dll+0x8412d3]
V  [jvm.dll+0x2490b5]
V  [jvm.dll+0x67ff99]
V  [jvm.dll+0x6744aa]
V  [jvm.dll+0x308f2b]
V  [jvm.dll+0x3103e6]
V  [jvm.dll+0x36013e]
V  [jvm.dll+0x36036f]
V  [jvm.dll+0x2df018]
V  [jvm.dll+0x2dff84]
V  [jvm.dll+0x810d91]
V  [jvm.dll+0x36df31]
V  [jvm.dll+0x7f028c]
V  [jvm.dll+0x3f0cbf]
V  [jvm.dll+0x3f2801]
C  [jli.dll+0x526b]
C  [ucrtbase.dll+0x29363]
C  [KERNEL32.DLL+0x1257d]
C  [ntdll.dll+0x5aa68]


---------------  P R O C E S S  ---------------

Threads class SMR info:
_java_thread_list=0x00007ffbc0978f98, length=0, elements={
}

Java Threads: ( => current thread )

Other Threads:
  0x000002314ee22d30 GCTaskThread "GC Thread#0" [stack: 0x000000a91cf00000,0x000000a91d000000] [id=23892]
  0x000002314ee66b20 ConcurrentGCThread "G1 Main Marker" [stack: 0x000000a91d000000,0x000000a91d100000] [id=25060]
  0x000002314ee44340 ConcurrentGCThread "G1 Conc#0" [stack: 0x000000a91d100000,0x000000a91d200000] [id=8196]

[error occurred during error reporting (printing all threads), id 0xc0000005, EXCEPTION_ACCESS_VIOLATION (0xc0000005) at pc=0x00007ffbc012fbd7]

VM state: not at safepoint (not fully initialized)

VM Mutex/Monitor currently owned by a thread:  ([mutex/lock_event])
[0x000002314ee69f50] Heap_lock - owner thread: 0x000002314cca79c0

Heap address: 0x000000070a400000, size: 3932 MB, Compressed Oops mode: Zero based, Oop shift amount: 3

CDS archive(s) mapped at: [0x0000000000000000-0x0000000000000000-0x0000000000000000), size 0, SharedBaseAddress: 0x0000000800000000, ArchiveRelocationMode: 0.
Narrow klass base: 0x0000000000000000, Narrow klass shift: 0, Narrow klass range: 0x0

GC Precious Log:
<Empty>

Heap:
 garbage-first heap   total 0K, used 0K [0x000000070a400000, 0x0000000800000000)
  region size 2048K, 0 young (0K), 0 survivors (0K)

[error occurred during error reporting (printing heap information), id 0xc0000005, EXCEPTION_ACCESS_VIOLATION (0xc0000005) at pc=0x00007ffbc051cd59]

GC Heap History (0 events):
No events

Dll operation events (1 events):
Event: 0.005 Loaded shared library C:\Program Files\JetBrains\PhpStorm 2022.2.4\jbr\bin\java.dll

Deoptimization events (0 events):
No events

Classes unloaded (0 events):
No events

Classes redefined (0 events):
No events

Internal exceptions (0 events):
No events

VM Operations (0 events):
No events

Events (0 events):
No events


Dynamic libraries:
0x00007ff655290000 - 0x00007ff65529a000 	C:\Program Files\JetBrains\PhpStorm 2022.2.4\jbr\bin\java.exe
0x00007ffc0c110000 - 0x00007ffc0c324000 	C:\WINDOWS\SYSTEM32\ntdll.dll
0x00007ffc0a920000 - 0x00007ffc0a9e4000 	C:\WINDOWS\System32\KERNEL32.DLL
0x00007ffc096a0000 - 0x00007ffc09a44000 	C:\WINDOWS\System32\KERNELBASE.dll
0x00007ffc09c60000 - 0x00007ffc09d71000 	C:\WINDOWS\System32\ucrtbase.dll
0x00007ffbd2130000 - 0x00007ffbd2147000 	C:\Program Files\JetBrains\PhpStorm 2022.2.4\jbr\bin\jli.dll
0x00007ffbd2110000 - 0x00007ffbd212b000 	C:\Program Files\JetBrains\PhpStorm 2022.2.4\jbr\bin\VCRUNTIME140.dll
0x00007ffc0be80000 - 0x00007ffc0c02e000 	C:\WINDOWS\System32\USER32.dll
0x00007ffc094c0000 - 0x00007ffc094e6000 	C:\WINDOWS\System32\win32u.dll
0x00007ffbf7610000 - 0x00007ffbf78a3000 	C:\WINDOWS\WinSxS\amd64_microsoft.windows.common-controls_6595b64144ccf1df_6.0.22621.2215_none_270d72677387dfc3\COMCTL32.dll
0x00007ffc0a5a0000 - 0x00007ffc0a5c9000 	C:\WINDOWS\System32\GDI32.dll
0x00007ffc0aca0000 - 0x00007ffc0ad47000 	C:\WINDOWS\System32\msvcrt.dll
0x00007ffc09d80000 - 0x00007ffc09e98000 	C:\WINDOWS\System32\gdi32full.dll
0x00007ffc09bc0000 - 0x00007ffc09c5a000 	C:\WINDOWS\System32\msvcp_win.dll
0x00007ffc0c030000 - 0x00007ffc0c061000 	C:\WINDOWS\System32\IMM32.DLL
0x00007ffbf7d90000 - 0x00007ffbf7d9c000 	C:\Program Files\JetBrains\PhpStorm 2022.2.4\jbr\bin\vcruntime140_1.dll
0x00007ffbcf920000 - 0x00007ffbcf9ad000 	C:\Program Files\JetBrains\PhpStorm 2022.2.4\jbr\bin\msvcp140.dll
0x00007ffbbfe40000 - 0x00007ffbc0aab000 	C:\Program Files\JetBrains\PhpStorm 2022.2.4\jbr\bin\server\jvm.dll
0x00007ffc0ae20000 - 0x00007ffc0aed0000 	C:\WINDOWS\System32\ADVAPI32.dll
0x00007ffc0aef0000 - 0x00007ffc0af96000 	C:\WINDOWS\System32\sechost.dll
0x00007ffc0a800000 - 0x00007ffc0a917000 	C:\WINDOWS\System32\RPCRT4.dll
0x00007ffc02200000 - 0x00007ffc02234000 	C:\WINDOWS\SYSTEM32\WINMM.dll
0x00007ffc04550000 - 0x00007ffc04559000 	C:\WINDOWS\SYSTEM32\WSOCK32.dll
0x00007ffc00cf0000 - 0x00007ffc00cfa000 	C:\WINDOWS\SYSTEM32\VERSION.dll
0x00007ffc0ac20000 - 0x00007ffc0ac91000 	C:\WINDOWS\System32\WS2_32.dll
0x00007ffc08480000 - 0x00007ffc08498000 	C:\WINDOWS\SYSTEM32\kernel.appcore.dll
0x00007ffc030c0000 - 0x00007ffc030ca000 	C:\Program Files\JetBrains\PhpStorm 2022.2.4\jbr\bin\jimage.dll
0x00007ffc06ef0000 - 0x00007ffc0711e000 	C:\WINDOWS\SYSTEM32\DBGHELP.DLL
0x00007ffc0afa0000 - 0x00007ffc0b32a000 	C:\WINDOWS\System32\combase.dll
0x00007ffc0a040000 - 0x00007ffc0a117000 	C:\WINDOWS\System32\OLEAUT32.dll
0x00007ffbf70d0000 - 0x00007ffbf7102000 	C:\WINDOWS\SYSTEM32\dbgcore.DLL
0x00007ffc094f0000 - 0x00007ffc0956a000 	C:\WINDOWS\System32\bcryptPrimitives.dll
0x00007ffbe01a0000 - 0x00007ffbe01c5000 	C:\Program Files\JetBrains\PhpStorm 2022.2.4\jbr\bin\java.dll

dbghelp: loaded successfully - version: 4.0.5 - missing functions: none
symbol engine: initialized successfully - sym options: 0x614 - pdb path: .;C:\Program Files\JetBrains\PhpStorm 2022.2.4\jbr\bin;C:\WINDOWS\SYSTEM32;C:\WINDOWS\WinSxS\amd64_microsoft.windows.common-controls_6595b64144ccf1df_6.0.22621.2215_none_270d72677387dfc3;C:\Program Files\JetBrains\PhpStorm 2022.2.4\jbr\bin\server

VM Arguments:
java_command: externalApp.nativessh.NativeSshAskPassApp Enter passphrase for key '/home/flugel/.ssh/id_rsa': 
java_class_path (initial): C:/Program Files/JetBrains/PhpStorm 2022.2.4/lib/externalProcess-rt.jar;C:/Program Files/JetBrains/PhpStorm 2022.2.4/lib/app.jar;C:/Program Files/JetBrains/PhpStorm 2022.2.4/lib/3rd-party-rt.jar
Launcher Type: SUN_STANDARD

[Global flags]
     intx CICompilerCount                          = 4                                         {product} {ergonomic}
     uint ConcGCThreads                            = 3                                         {product} {ergonomic}
     uint G1ConcRefinementThreads                  = 10                                        {product} {ergonomic}
   size_t G1HeapRegionSize                         = 2097152                                   {product} {ergonomic}
    uintx GCDrainStackTargetSize                   = 64                                        {product} {ergonomic}
   size_t InitialHeapSize                          = 257949696                                 {product} {ergonomic}
   size_t MarkStackSize                            = 4194304                                   {product} {ergonomic}
   size_t MaxHeapSize                              = 4123000832                                {product} {ergonomic}
   size_t MinHeapDeltaBytes                        = 2097152                                   {product} {ergonomic}
   size_t MinHeapSize                              = 8388608                                   {product} {ergonomic}
    uintx NonNMethodCodeHeapSize                   = 5839372                                {pd product} {ergonomic}
    uintx NonProfiledCodeHeapSize                  = 122909434                              {pd product} {ergonomic}
    uintx ProfiledCodeHeapSize                     = 122909434                              {pd product} {ergonomic}
    uintx ReservedCodeCacheSize                    = 251658240                              {pd product} {ergonomic}
     bool SegmentedCodeCache                       = true                                      {product} {ergonomic}
   size_t SoftMaxHeapSize                          = 4123000832                             {manageable} {ergonomic}
     bool UseCompressedClassPointers               = true                           {product lp64_product} {ergonomic}
     bool UseCompressedOops                        = true                           {product lp64_product} {ergonomic}
     bool UseG1GC                                  = true                                      {product} {ergonomic}
     bool UseLargePagesIndividualAllocation        = false                                  {pd product} {ergonomic}

Logging:
Log output configuration:
 #0: stdout all=warning uptime,level,tags
 #1: stderr all=off uptime,level,tags

Environment Variables:
PATH=C:\Program Files (x86)\Common Files\Oracle\Java\javapath;C:\ProgramData\Oracle\Java\javapath;C:\WINDOWS\system32;C:\WINDOWS;C:\WINDOWS\System32\Wbem;C:\WINDOWS\System32\WindowsPowerShell\v1.0\;C:\WINDOWS\System32\OpenSSH\;C:\Program Files\dotnet\;C:\Program Files\PuTTY\;C:\Program Files\nodejs\;C:\xampp\php;C:\composer;C:\Program Files\Git\cmd;C:\PHP;;C:\Program Files\Docker\Docker\resources\bin;C:\Users\imflu\AppData\Local\Programs\Python\Python310\Scripts\;C:\Users\imflu\AppData\Local\Programs\Python\Python310\;C:\Users\imflu\AppData\Local\Microsoft\WindowsApps;C:\Users\imflu\AppData\Local\GitHubDesktop\bin;C:\Users\imflu\AppData\Roaming\npm;C:\Program Files\JetBrains\PhpStorm 2022.2.4\bin;C:\Users\imflu\AppData\Roaming\Composer\vendor\bin;C:\Users\imflu\AppData\Local\Microsoft\WindowsApps;C:\OpenSSL\bin;D:\DataGrip 2023.1.2\bin;D:\JetBrains Rider 2023.1.3\bin;D:\IntelliJ IDEA 2023.1.3\bin
USERNAME=imflu
OS=Windows_NT
PROCESSOR_IDENTIFIER=AMD64 Family 25 Model 80 Stepping 0, AuthenticAMD
TMP=C:\Users\imflu\AppData\Local\Temp
TEMP=C:\Users\imflu\AppData\Local\Temp



---------------  S Y S T E M  ---------------

OS:
 Windows 11 , 64 bit Build 22621 (10.0.22621.2215)
OS uptime: 1 days 0:56 hours
Hyper-V role detected

CPU: total 12 (initial active 12) (12 cores per cpu, 2 threads per core) family 25 model 80 stepping 0 microcode 0x0, cx8, cmov, fxsr, ht, mmx, 3dnowpref, sse, sse2, sse3, ssse3, sse4a, sse4.1, sse4.2, popcnt, lzcnt, tsc, tscinvbit, avx, avx2, aes, erms, clmul, bmi1, bmi2, adx, sha, fma, vzeroupper, clflush, clflushopt, hv

Memory: 4k page, system-wide physical 15724M (2372M free)
TotalPageFile size 27674M (AvailPageFile size 180M)
current process WorkingSet (physical memory assigned to process): 11M, peak: 11M
current process commit charge ("private bytes"): 64M, peak: 310M

vm_info: OpenJDK 64-Bit Server VM (17.0.5+7-b469.71) for windows-amd64 JRE (17.0.5+7-b469.71), built on 2022-11-10 by "builduser" with MS VC++ 16.10 / 16.11 (VS2019)

END.
